# JRE version: Java(TM) SE Runtime Environment (8.0_40-b25) (build 1.8.0_40-b25)
# Java VM: Java HotSpot(TM) Client VM (25.40-b25 mixed mode, sharing windows-x86 )
Heap:
 def new generation   total 4928K, used 3756K [0x03800000, 0x03d50000, 0x08d50000)
  eden space 4416K,  80% used [0x03800000, 0x03b7ca50, 0x03c50000)
  from space 512K,  36% used [0x03cd0000, 0x03cfe840, 0x03d50000)
  to   space 512K,   0% used [0x03c50000, 0x03c50000, 0x03cd0000)
 tenured generation   total 10944K, used 2979K [0x08d50000, 0x09800000, 0x13800000)
   the space 10944K,  27% used [0x08d50000, 0x09038c88, 0x09038e00, 0x09800000)
 Metaspace       used 993K, capacity 2538K, committed 2624K, reserved 4480K
GC Heap History (10 events):
Event: 0.750 GC heap before
{Heap before GC invocations=0 (full 0):
 def new generation   total 4928K, used 4416K [0x03800000, 0x03d50000, 0x08d50000)
  eden space 4416K, 100% used [0x03800000, 0x03c50000, 0x03c50000)
  from space 512K,   0% used [0x03c50000, 0x03c50000, 0x03cd0000)
  to   space 512K,   0% used [0x03cd0000, 0x03cd0000, 0x03d50000)
 tenured generation   total 10944K, used 0K [0x08d50000, 0x09800000, 0x13800000)
   the space 10944K,   0% used [0x08d50000, 0x08d50000, 0x08d50200, 0x09800000)
 Metaspace       used 829K, capacity 2536K, committed 2624K, reserved 4480K
Event: 0.765 GC heap after
Heap after GC invocations=1 (full 0):
 def new generation   total 4928K, used 512K [0x03800000, 0x03d50000, 0x08d50000)
  eden space 4416K,   0% used [0x03800000, 0x03800000, 0x03c50000)
  from space 512K, 100% used [0x03cd0000, 0x03d50000, 0x03d50000)
  to   space 512K,   0% used [0x03c50000, 0x03c50000, 0x03cd0000)
 tenured generation   total 10944K, used 1328K [0x08d50000, 0x09800000, 0x13800000)
   the space 10944K,  12% used [0x08d50000, 0x08e9c180, 0x08e9c200, 0x09800000)
 Metaspace       used 829K, capacity 2536K, committed 2624K, reserved 4480K
}
Event: 10.512 GC heap before
{Heap before GC invocations=1 (full 0):
 def new generation   total 4928K, used 4928K [0x03800000, 0x03d50000, 0x08d50000)
  eden space 4416K, 100% used [0x03800000, 0x03c50000, 0x03c50000)
  from space 512K, 100% used [0x03cd0000, 0x03d50000, 0x03d50000)
  to   space 512K,   0% used [0x03c50000, 0x03c50000, 0x03cd0000)
 tenured generation   total 10944K, used 1328K [0x08d50000, 0x09800000, 0x13800000)
   the space 10944K,  12% used [0x08d50000, 0x08e9c180, 0x08e9c200, 0x09800000)
 Metaspace       used 831K, capacity 2536K, committed 2624K, reserved 4480K
Event: 10.528 GC heap after
Heap after GC invocations=2 (full 0):
 def new generation   total 4928K, used 512K [0x03800000, 0x03d50000, 0x08d50000)
  eden space 4416K,   0% used [0x03800000, 0x03800000, 0x03c50000)
  from space 512K, 100% used [0x03c50000, 0x03cd0000, 0x03cd0000)
  to   space 512K,   0% used [0x03cd0000, 0x03cd0000, 0x03d50000)
 tenured generation   total 10944K, used 2183K [0x08d50000, 0x09800000, 0x13800000)
   the space 10944K,  19% used [0x08d50000, 0x08f71f48, 0x08f72000, 0x09800000)
 Metaspace       used 831K, capacity 2536K, committed 2624K, reserved 4480K
}
Event: 10.692 GC heap before
{Heap before GC invocations=2 (full 0):
 def new generation   total 4928K, used 4909K [0x03800000, 0x03d50000, 0x08d50000)
  eden space 4416K,  99% used [0x03800000, 0x03c4b580, 0x03c50000)
  from space 512K, 100% used [0x03c50000, 0x03cd0000, 0x03cd0000)
  to   space 512K,   0% used [0x03cd0000, 0x03cd0000, 0x03d50000)
 tenured generation   total 10944K, used 2183K [0x08d50000, 0x09800000, 0x13800000)
   the space 10944K,  19% used [0x08d50000, 0x08f71f48, 0x08f72000, 0x09800000)
 Metaspace       used 832K, capacity 2536K, committed 2624K, reserved 4480K
Event: 10.699 GC heap after
Heap after GC invocations=3 (full 0):
 def new generation   total 4928K, used 291K [0x03800000, 0x03d50000, 0x08d50000)
  eden space 4416K,   0% used [0x03800000, 0x03800000, 0x03c50000)
  from space 512K,  56% used [0x03cd0000, 0x03d18dd8, 0x03d50000)
  to   space 512K,   0% used [0x03c50000, 0x03c50000, 0x03cd0000)
 tenured generation   total 10944K, used 2689K [0x08d50000, 0x09800000, 0x13800000)
   the space 10944K,  24% used [0x08d50000, 0x08ff0480, 0x08ff0600, 0x09800000)
 Metaspace       used 832K, capacity 2536K, committed 2624K, reserved 4480K
}
Event: 114.930 GC heap before
{Heap before GC invocations=3 (full 0):
 def new generation   total 4928K, used 4707K [0x03800000, 0x03d50000, 0x08d50000)
  eden space 4416K, 100% used [0x03800000, 0x03c50000, 0x03c50000)
  from space 512K,  56% used [0x03cd0000, 0x03d18dd8, 0x03d50000)
  to   space 512K,   0% used [0x03c50000, 0x03c50000, 0x03cd0000)
 tenured generation   total 10944K, used 2689K [0x08d50000, 0x09800000, 0x13800000)
   the space 10944K,  24% used [0x08d50000, 0x08ff0480, 0x08ff0600, 0x09800000)
 Metaspace       used 976K, capacity 2538K, committed 2624K, reserved 4480K
Event: 114.933 GC heap after
Heap after GC invocations=4 (full 0):
 def new generation   total 4928K, used 193K [0x03800000, 0x03d50000, 0x08d50000)
  eden space 4416K,   0% used [0x03800000, 0x03800000, 0x03c50000)
  from space 512K,  37% used [0x03c50000, 0x03c805c8, 0x03cd0000)
  to   space 512K,   0% used [0x03cd0000, 0x03cd0000, 0x03d50000)
 tenured generation   total 10944K, used 2979K [0x08d50000, 0x09800000, 0x13800000)
   the space 10944K,  27% used [0x08d50000, 0x09038c88, 0x09038e00, 0x09800000)
 Metaspace       used 976K, capacity 2538K, committed 2624K, reserved 4480K
}
Event: 1792.958 GC heap before
{Heap before GC invocations=4 (full 0):
 def new generation   total 4928K, used 4609K [0x03800000, 0x03d50000, 0x08d50000)
  eden space 4416K, 100% used [0x03800000, 0x03c50000, 0x03c50000)
  from space 512K,  37% used [0x03c50000, 0x03c805c8, 0x03cd0000)
  to   space 512K,   0% used [0x03cd0000, 0x03cd0000, 0x03d50000)
 tenured generation   total 10944K, used 2979K [0x08d50000, 0x09800000, 0x13800000)
   the space 10944K,  27% used [0x08d50000, 0x09038c88, 0x09038e00, 0x09800000)
 Metaspace       used 985K, capacity 2538K, committed 2624K, reserved 4480K
Event: 1792.960 GC heap after
Heap after GC invocations=5 (full 0):
 def new generation   total 4928K, used 186K [0x03800000, 0x03d50000, 0x08d50000)
  eden space 4416K,   0% used [0x03800000, 0x03800000, 0x03c50000)
  from space 512K,  36% used [0x03cd0000, 0x03cfe840, 0x03d50000)
  to   space 512K,   0% used [0x03c50000, 0x03c50000, 0x03cd0000)
 tenured generation   total 10944K, used 2979K [0x08d50000, 0x09800000, 0x13800000)
   the space 10944K,  27% used [0x08d50000, 0x09038c88, 0x09038e00, 0x09800000)
 Metaspace       used 985K, capacity 2538K, committed 2624K, reserved 4480K
}

